This file contains any messages produced by compilers while
running configure, to aid debugging if configure makes a mistake.

It was created by Roman configure 0.3, which was
generated by GNU Autoconf 2.69.  Invocation command line was

  $ ./configure 

## --------- ##
## Platform. ##
## --------- ##

hostname = casual
uname -m = x86_64
uname -r = 4.4.0-98-generic
uname -s = Linux
uname -v = #121-Ubuntu SMP Tue Oct 10 14:24:03 UTC 2017

/usr/bin/uname -p = unknown
/bin/uname -X     = unknown

/bin/arch              = unknown
/usr/bin/arch -k       = unknown
/usr/convex/getsysinfo = unknown
/usr/bin/hostinfo      = unknown
/bin/machine           = unknown
/usr/bin/oslevel       = unknown
/bin/universe          = unknown

PATH: /usr/local/sbin
PATH: /usr/local/bin
PATH: /usr/sbin
PATH: /usr/bin
PATH: /sbin
PATH: /bin
PATH: /usr/games
PATH: /usr/local/games
PATH: /snap/bin
PATH: /home/jep/bin
PATH: /home/jep/bin
PATH: /home/jep/anaconda3/bin
PATH: /home/jep/anaconda2/bin


## ----------- ##
## Core tests. ##
## ----------- ##

configure:2323: checking for gcc
configure:2339: found /usr/bin/gcc
configure:2350: result: gcc
configure:2579: checking for C compiler version
configure:2588: gcc --version >&5
gcc (Ubuntu 5.4.0-6ubuntu1~16.04.5) 5.4.0 20160609
Copyright (C) 2015 Free Software Foundation, Inc.
This is free software; see the source for copying conditions.  There is NO
warranty; not even for MERCHANTABILITY or FITNESS FOR A PARTICULAR PURPOSE.

configure:2599: $? = 0
configure:2588: gcc -v >&5
Using built-in specs.
COLLECT_GCC=gcc
COLLECT_LTO_WRAPPER=/usr/lib/gcc/x86_64-linux-gnu/5/lto-wrapper
Target: x86_64-linux-gnu
Configured with: ../src/configure -v --with-pkgversion='Ubuntu 5.4.0-6ubuntu1~16.04.5' --with-bugurl=file:///usr/share/doc/gcc-5/README.Bugs --enable-languages=c,ada,c++,java,go,d,fortran,objc,obj-c++ --prefix=/usr --program-suffix=-5 --enable-shared --enable-linker-build-id --libexecdir=/usr/lib --without-included-gettext --enable-threads=posix --libdir=/usr/lib --enable-nls --with-sysroot=/ --enable-clocale=gnu --enable-libstdcxx-debug --enable-libstdcxx-time=yes --with-default-libstdcxx-abi=new --enable-gnu-unique-object --disable-vtable-verify --enable-libmpx --enable-plugin --with-system-zlib --disable-browser-plugin --enable-java-awt=gtk --enable-gtk-cairo --with-java-home=/usr/lib/jvm/java-1.5.0-gcj-5-amd64/jre --enable-java-home --with-jvm-root-dir=/usr/lib/jvm/java-1.5.0-gcj-5-amd64 --with-jvm-jar-dir=/usr/lib/jvm-exports/java-1.5.0-gcj-5-amd64 --with-arch-directory=amd64 --with-ecj-jar=/usr/share/java/eclipse-ecj.jar --enable-objc-gc --enable-multiarch --disable-werror --with-arch-32=i686 --with-abi=m64 --with-multilib-list=m32,m64,mx32 --enable-multilib --with-tune=generic --enable-checking=release --build=x86_64-linux-gnu --host=x86_64-linux-gnu --target=x86_64-linux-gnu
Thread model: posix
gcc version 5.4.0 20160609 (Ubuntu 5.4.0-6ubuntu1~16.04.5) 
configure:2599: $? = 0
configure:2588: gcc -V >&5
gcc: error: unrecognized command line option '-V'
gcc: fatal error: no input files
compilation terminated.
configure:2599: $? = 1
configure:2588: gcc -qversion >&5
gcc: error: unrecognized command line option '-qversion'
gcc: fatal error: no input files
compilation terminated.
configure:2599: $? = 1
configure:2619: checking whether the C compiler works
configure:2641: gcc    conftest.c  >&5
configure:2645: $? = 0
configure:2693: result: yes
configure:2696: checking for C compiler default output file name
configure:2698: result: a.out
configure:2704: checking for suffix of executables
configure:2711: gcc -o conftest    conftest.c  >&5
configure:2715: $? = 0
configure:2737: result: 
configure:2759: checking whether we are cross compiling
configure:2767: gcc -o conftest    conftest.c  >&5
configure:2771: $? = 0
configure:2778: ./conftest
configure:2782: $? = 0
configure:2797: result: no
configure:2802: checking for suffix of object files
configure:2824: gcc -c   conftest.c >&5
configure:2828: $? = 0
configure:2849: result: o
configure:2853: checking whether we are using the GNU C compiler
configure:2872: gcc -c   conftest.c >&5
configure:2872: $? = 0
configure:2881: result: yes
configure:2890: checking whether gcc accepts -g
configure:2910: gcc -c -g  conftest.c >&5
configure:2910: $? = 0
configure:2951: result: yes
configure:2968: checking for gcc option to accept ISO C89
configure:3031: gcc  -c -g -O2  conftest.c >&5
configure:3031: $? = 0
configure:3044: result: none needed
configure:3069: checking whether gcc understands -c and -o together
configure:3091: gcc -c conftest.c -o conftest2.o
configure:3094: $? = 0
configure:3091: gcc -c conftest.c -o conftest2.o
configure:3094: $? = 0
configure:3106: result: yes
configure:3173: checking for ar
configure:3189: found /usr/bin/ar
configure:3200: result: ar
configure:3226: checking the archiver (ar) interface
configure:3242: gcc -c -g -O2  conftest.c >&5
configure:3242: $? = 0
configure:3244: ar cru libconftest.a conftest.o >&5
ar: `u' modifier ignored since `D' is the default (see `U')
configure:3247: $? = 0
configure:3275: result: ar
configure:3348: checking for a BSD-compatible install
configure:3416: result: /usr/bin/install -c
configure:3427: checking whether build environment is sane
configure:3482: result: yes
configure:3517: WARNING: 'missing' script is too old or missing
configure:3630: checking for a thread-safe mkdir -p
configure:3669: result: /bin/mkdir -p
configure:3676: checking for gawk
configure:3692: found /usr/bin/gawk
configure:3703: result: gawk
configure:3714: checking whether make sets $(MAKE)
configure:3736: result: yes
configure:3766: checking for style of include used by make
configure:3794: result: GNU
configure:3828: checking whether make supports nested variables
configure:3845: result: yes
configure:3930: checking dependency style of gcc
configure:4041: result: gcc3
configure:4149: checking for gcc
configure:4176: result: gcc
configure:4405: checking for C compiler version
configure:4414: gcc --version >&5
gcc (Ubuntu 5.4.0-6ubuntu1~16.04.5) 5.4.0 20160609
Copyright (C) 2015 Free Software Foundation, Inc.
This is free software; see the source for copying conditions.  There is NO
warranty; not even for MERCHANTABILITY or FITNESS FOR A PARTICULAR PURPOSE.

configure:4425: $? = 0
configure:4414: gcc -v >&5
Using built-in specs.
COLLECT_GCC=gcc
COLLECT_LTO_WRAPPER=/usr/lib/gcc/x86_64-linux-gnu/5/lto-wrapper
Target: x86_64-linux-gnu
Configured with: ../src/configure -v --with-pkgversion='Ubuntu 5.4.0-6ubuntu1~16.04.5' --with-bugurl=file:///usr/share/doc/gcc-5/README.Bugs --enable-languages=c,ada,c++,java,go,d,fortran,objc,obj-c++ --prefix=/usr --program-suffix=-5 --enable-shared --enable-linker-build-id --libexecdir=/usr/lib --without-included-gettext --enable-threads=posix --libdir=/usr/lib --enable-nls --with-sysroot=/ --enable-clocale=gnu --enable-libstdcxx-debug --enable-libstdcxx-time=yes --with-default-libstdcxx-abi=new --enable-gnu-unique-object --disable-vtable-verify --enable-libmpx --enable-plugin --with-system-zlib --disable-browser-plugin --enable-java-awt=gtk --enable-gtk-cairo --with-java-home=/usr/lib/jvm/java-1.5.0-gcj-5-amd64/jre --enable-java-home --with-jvm-root-dir=/usr/lib/jvm/java-1.5.0-gcj-5-amd64 --with-jvm-jar-dir=/usr/lib/jvm-exports/java-1.5.0-gcj-5-amd64 --with-arch-directory=amd64 --with-ecj-jar=/usr/share/java/eclipse-ecj.jar --enable-objc-gc --enable-multiarch --disable-werror --with-arch-32=i686 --with-abi=m64 --with-multilib-list=m32,m64,mx32 --enable-multilib --with-tune=generic --enable-checking=release --build=x86_64-linux-gnu --host=x86_64-linux-gnu --target=x86_64-linux-gnu
Thread model: posix
gcc version 5.4.0 20160609 (Ubuntu 5.4.0-6ubuntu1~16.04.5) 
configure:4425: $? = 0
configure:4414: gcc -V >&5
gcc: error: unrecognized command line option '-V'
gcc: fatal error: no input files
compilation terminated.
configure:4425: $? = 1
configure:4414: gcc -qversion >&5
gcc: error: unrecognized command line option '-qversion'
gcc: fatal error: no input files
compilation terminated.
configure:4425: $? = 1
configure:4429: checking whether we are using the GNU C compiler
configure:4457: result: yes
configure:4466: checking whether gcc accepts -g
configure:4527: result: yes
configure:4544: checking for gcc option to accept ISO C89
configure:4620: result: none needed
configure:4645: checking whether gcc understands -c and -o together
configure:4682: result: yes
configure:4728: checking build system type
configure:4742: result: x86_64-pc-linux-gnu
configure:4762: checking host system type
configure:4775: result: x86_64-pc-linux-gnu
configure:4816: checking how to print strings
configure:4843: result: printf
configure:4864: checking for a sed that does not truncate output
configure:4928: result: /bin/sed
configure:4946: checking for grep that handles long lines and -e
configure:5004: result: /bin/grep
configure:5009: checking for egrep
configure:5071: result: /bin/grep -E
configure:5076: checking for fgrep
configure:5138: result: /bin/grep -F
configure:5173: checking for ld used by gcc
configure:5240: result: /usr/bin/ld
configure:5247: checking if the linker (/usr/bin/ld) is GNU ld
configure:5262: result: yes
configure:5274: checking for BSD- or MS-compatible name lister (nm)
configure:5328: result: /usr/bin/nm -B
configure:5458: checking the name lister (/usr/bin/nm -B) interface
configure:5465: gcc -c -g -O2  conftest.c >&5
configure:5468: /usr/bin/nm -B "conftest.o"
configure:5471: output
0000000000000000 B some_variable
configure:5478: result: BSD nm
configure:5481: checking whether ln -s works
configure:5485: result: yes
configure:5493: checking the maximum length of command line arguments
configure:5624: result: 1572864
configure:5672: checking how to convert x86_64-pc-linux-gnu file names to x86_64-pc-linux-gnu format
configure:5712: result: func_convert_file_noop
configure:5719: checking how to convert x86_64-pc-linux-gnu file names to toolchain format
configure:5739: result: func_convert_file_noop
configure:5746: checking for /usr/bin/ld option to reload object files
configure:5753: result: -r
configure:5827: checking for objdump
configure:5843: found /usr/bin/objdump
configure:5854: result: objdump
configure:5886: checking how to recognize dependent libraries
configure:6086: result: pass_all
configure:6171: checking for dlltool
configure:6201: result: no
configure:6231: checking how to associate runtime and link libraries
configure:6258: result: printf %s\n
configure:6382: checking for archiver @FILE support
configure:6399: gcc -c -g -O2  conftest.c >&5
configure:6399: $? = 0
configure:6402: ar cru libconftest.a @conftest.lst >&5
ar: `u' modifier ignored since `D' is the default (see `U')
configure:6405: $? = 0
configure:6410: ar cru libconftest.a @conftest.lst >&5
ar: `u' modifier ignored since `D' is the default (see `U')
ar: conftest.o: No such file or directory
configure:6413: $? = 1
configure:6425: result: @
configure:6483: checking for strip
configure:6499: found /usr/bin/strip
configure:6510: result: strip
configure:6582: checking for ranlib
configure:6598: found /usr/bin/ranlib
configure:6609: result: ranlib
configure:6711: checking command to parse /usr/bin/nm -B output from gcc object
configure:6864: gcc -c -g -O2  conftest.c >&5
configure:6867: $? = 0
configure:6871: /usr/bin/nm -B conftest.o \| sed -n -e 's/^.*[ ]\([ABCDGIRSTW][ABCDGIRSTW]*\)[ ][ ]*\([_A-Za-z][_A-Za-z0-9]*\)$/\1 \2 \2/p' | sed '/ __gnu_lto/d' \> conftest.nm
configure:6874: $? = 0
configure:6940: gcc -o conftest -g -O2   conftest.c conftstm.o >&5
configure:6943: $? = 0
configure:6981: result: ok
configure:7028: checking for sysroot
configure:7058: result: no
configure:7065: checking for a working dd
configure:7103: result: /bin/dd
configure:7107: checking how to truncate binary pipes
configure:7122: result: /bin/dd bs=4096 count=1
configure:7258: gcc -c -g -O2  conftest.c >&5
configure:7261: $? = 0
configure:7451: checking for mt
configure:7467: found /bin/mt
configure:7478: result: mt
configure:7501: checking if mt is a manifest tool
configure:7507: mt '-?'
configure:7515: result: no
configure:8192: checking how to run the C preprocessor
configure:8223: gcc -E  conftest.c
configure:8223: $? = 0
configure:8237: gcc -E  conftest.c
conftest.c:11:28: fatal error: ac_nonexistent.h: No such file or directory
compilation terminated.
configure:8237: $? = 1
configure: failed program was:
| /* confdefs.h */
| #define PACKAGE_NAME "Roman"
| #define PACKAGE_TARNAME "roman"
| #define PACKAGE_VERSION "0.3"
| #define PACKAGE_STRING "Roman 0.3"
| #define PACKAGE_BUGREPORT "check-devel AT lists.sourceforge.net"
| #define PACKAGE_URL ""
| #define PACKAGE "roman"
| #define VERSION "0.3"
| /* end confdefs.h.  */
| #include <ac_nonexistent.h>
configure:8262: result: gcc -E
configure:8282: gcc -E  conftest.c
configure:8282: $? = 0
configure:8296: gcc -E  conftest.c
conftest.c:11:28: fatal error: ac_nonexistent.h: No such file or directory
compilation terminated.
configure:8296: $? = 1
configure: failed program was:
| /* confdefs.h */
| #define PACKAGE_NAME "Roman"
| #define PACKAGE_TARNAME "roman"
| #define PACKAGE_VERSION "0.3"
| #define PACKAGE_STRING "Roman 0.3"
| #define PACKAGE_BUGREPORT "check-devel AT lists.sourceforge.net"
| #define PACKAGE_URL ""
| #define PACKAGE "roman"
| #define VERSION "0.3"
| /* end confdefs.h.  */
| #include <ac_nonexistent.h>
configure:8325: checking for ANSI C header files
configure:8345: gcc -c -g -O2  conftest.c >&5
configure:8345: $? = 0
configure:8418: gcc -o conftest -g -O2   conftest.c  >&5
configure:8418: $? = 0
configure:8418: ./conftest
configure:8418: $? = 0
configure:8429: result: yes
configure:8442: checking for sys/types.h
configure:8442: gcc -c -g -O2  conftest.c >&5
configure:8442: $? = 0
configure:8442: result: yes
configure:8442: checking for sys/stat.h
configure:8442: gcc -c -g -O2  conftest.c >&5
configure:8442: $? = 0
configure:8442: result: yes
configure:8442: checking for stdlib.h
configure:8442: gcc -c -g -O2  conftest.c >&5
configure:8442: $? = 0
configure:8442: result: yes
configure:8442: checking for string.h
configure:8442: gcc -c -g -O2  conftest.c >&5
configure:8442: $? = 0
configure:8442: result: yes
configure:8442: checking for memory.h
configure:8442: gcc -c -g -O2  conftest.c >&5
configure:8442: $? = 0
configure:8442: result: yes
configure:8442: checking for strings.h
configure:8442: gcc -c -g -O2  conftest.c >&5
configure:8442: $? = 0
configure:8442: result: yes
configure:8442: checking for inttypes.h
configure:8442: gcc -c -g -O2  conftest.c >&5
configure:8442: $? = 0
configure:8442: result: yes
configure:8442: checking for stdint.h
configure:8442: gcc -c -g -O2  conftest.c >&5
configure:8442: $? = 0
configure:8442: result: yes
configure:8442: checking for unistd.h
configure:8442: gcc -c -g -O2  conftest.c >&5
configure:8442: $? = 0
configure:8442: result: yes
configure:8456: checking for dlfcn.h
configure:8456: gcc -c -g -O2  conftest.c >&5
configure:8456: $? = 0
configure:8456: result: yes
configure:8712: checking for objdir
configure:8727: result: .libs
configure:8987: checking if gcc supports -fno-rtti -fno-exceptions
configure:9005: gcc -c -g -O2  -fno-rtti -fno-exceptions conftest.c >&5
cc1: warning: command line option '-fno-rtti' is valid for C++/ObjC++ but not for C
configure:9009: $? = 0
configure:9022: result: no
configure:9380: checking for gcc option to produce PIC
configure:9387: result: -fPIC -DPIC
configure:9395: checking if gcc PIC flag -fPIC -DPIC works
configure:9413: gcc -c -g -O2  -fPIC -DPIC -DPIC conftest.c >&5
configure:9417: $? = 0
configure:9430: result: yes
configure:9459: checking if gcc static flag -static works
configure:9487: result: yes
configure:9502: checking if gcc supports -c -o file.o
configure:9523: gcc -c -g -O2  -o out/conftest2.o conftest.c >&5
configure:9527: $? = 0
configure:9549: result: yes
configure:9557: checking if gcc supports -c -o file.o
configure:9604: result: yes
configure:9637: checking whether the gcc linker (/usr/bin/ld -m elf_x86_64) supports shared libraries
configure:10900: result: yes
configure:10937: checking whether -lc should be explicitly linked in
configure:10945: gcc -c -g -O2  conftest.c >&5
configure:10948: $? = 0
configure:10963: gcc -shared  -fPIC -DPIC conftest.o  -v -Wl,-soname -Wl,conftest -o conftest 2\>\&1 \| /bin/grep  -lc  \>/dev/null 2\>\&1
configure:10966: $? = 0
configure:10980: result: no
configure:11140: checking dynamic linker characteristics
configure:11721: gcc -o conftest -g -O2   -Wl,-rpath -Wl,/foo conftest.c  >&5
configure:11721: $? = 0
configure:11970: result: GNU/Linux ld.so
configure:12092: checking how to hardcode library paths into programs
configure:12117: result: immediate
configure:12665: checking whether stripping libraries is possible
configure:12670: result: yes
configure:12705: checking if libtool supports shared libraries
configure:12707: result: yes
configure:12710: checking whether to build shared libraries
configure:12735: result: yes
configure:12738: checking whether to build static libraries
configure:12742: result: yes
configure:12836: checking for pkg-config
configure:12854: found /usr/bin/pkg-config
configure:12866: result: /usr/bin/pkg-config
configure:12891: checking pkg-config is at least version 0.9.0
configure:12894: result: yes
configure:12904: checking for CHECK
configure:12911: $PKG_CONFIG --exists --print-errors "check >= 0.9.6"
configure:12914: $? = 0
configure:12928: $PKG_CONFIG --exists --print-errors "check >= 0.9.6"
configure:12931: $? = 0
configure:12989: result: yes
configure:12996: checking for ANSI C header files
configure:13100: result: yes
configure:13110: checking for stdlib.h
configure:13110: result: yes
configure:13126: checking for stdlib.h
configure:13126: result: yes
configure:13136: checking for GNU libc compatible malloc
configure:13160: gcc -o conftest -g -O2   conftest.c  >&5
configure:13160: $? = 0
configure:13160: ./conftest
configure:13160: $? = 0
configure:13170: result: yes
configure:13308: checking that generated files are newer than configure
configure:13314: result: done
configure:13337: creating ./config.status

## ---------------------- ##
## Running config.status. ##
## ---------------------- ##

This file was extended by Roman config.status 0.3, which was
generated by GNU Autoconf 2.69.  Invocation command line was

  CONFIG_FILES    = 
  CONFIG_HEADERS  = 
  CONFIG_LINKS    = 
  CONFIG_COMMANDS = 
  $ ./config.status 

on casual

config.status:1095: creating Makefile
config.status:1095: creating src/Makefile
config.status:1095: creating tests/Makefile
config.status:1095: creating config.h
config.status:1324: executing depfiles commands
config.status:1324: executing libtool commands

## ---------------- ##
## Cache variables. ##
## ---------------- ##

ac_cv_build=x86_64-pc-linux-gnu
ac_cv_c_compiler_gnu=yes
ac_cv_env_CC_set=
ac_cv_env_CC_value=
ac_cv_env_CFLAGS_set=
ac_cv_env_CFLAGS_value=
ac_cv_env_CHECK_CFLAGS_set=
ac_cv_env_CHECK_CFLAGS_value=
ac_cv_env_CHECK_LIBS_set=
ac_cv_env_CHECK_LIBS_value=
ac_cv_env_CPPFLAGS_set=
ac_cv_env_CPPFLAGS_value=
ac_cv_env_CPP_set=
ac_cv_env_CPP_value=
ac_cv_env_LDFLAGS_set=
ac_cv_env_LDFLAGS_value=
ac_cv_env_LIBS_set=
ac_cv_env_LIBS_value=
ac_cv_env_LT_SYS_LIBRARY_PATH_set=
ac_cv_env_LT_SYS_LIBRARY_PATH_value=
ac_cv_env_PKG_CONFIG_LIBDIR_set=
ac_cv_env_PKG_CONFIG_LIBDIR_value=
ac_cv_env_PKG_CONFIG_PATH_set=
ac_cv_env_PKG_CONFIG_PATH_value=
ac_cv_env_PKG_CONFIG_set=
ac_cv_env_PKG_CONFIG_value=
ac_cv_env_build_alias_set=
ac_cv_env_build_alias_value=
ac_cv_env_host_alias_set=
ac_cv_env_host_alias_value=
ac_cv_env_target_alias_set=
ac_cv_env_target_alias_value=
ac_cv_func_malloc_0_nonnull=yes
ac_cv_header_dlfcn_h=yes
ac_cv_header_inttypes_h=yes
ac_cv_header_memory_h=yes
ac_cv_header_stdc=yes
ac_cv_header_stdint_h=yes
ac_cv_header_stdlib_h=yes
ac_cv_header_string_h=yes
ac_cv_header_strings_h=yes
ac_cv_header_sys_stat_h=yes
ac_cv_header_sys_types_h=yes
ac_cv_header_unistd_h=yes
ac_cv_host=x86_64-pc-linux-gnu
ac_cv_objext=o
ac_cv_path_EGREP='/bin/grep -E'
ac_cv_path_FGREP='/bin/grep -F'
ac_cv_path_GREP=/bin/grep
ac_cv_path_SED=/bin/sed
ac_cv_path_ac_pt_PKG_CONFIG=/usr/bin/pkg-config
ac_cv_path_install='/usr/bin/install -c'
ac_cv_path_lt_DD=/bin/dd
ac_cv_path_mkdir=/bin/mkdir
ac_cv_prog_AWK=gawk
ac_cv_prog_CPP='gcc -E'
ac_cv_prog_ac_ct_AR=ar
ac_cv_prog_ac_ct_CC=gcc
ac_cv_prog_ac_ct_MANIFEST_TOOL=mt
ac_cv_prog_ac_ct_OBJDUMP=objdump
ac_cv_prog_ac_ct_RANLIB=ranlib
ac_cv_prog_ac_ct_STRIP=strip
ac_cv_prog_cc_c89=
ac_cv_prog_cc_g=yes
ac_cv_prog_make_make_set=yes
am_cv_CC_dependencies_compiler_type=gcc3
am_cv_ar_interface=ar
am_cv_make_support_nested_variables=yes
am_cv_prog_cc_c_o=yes
lt_cv_ar_at_file=@
lt_cv_archive_cmds_need_lc=no
lt_cv_deplibs_check_method=pass_all
lt_cv_file_magic_cmd='$MAGIC_CMD'
lt_cv_file_magic_test_file=
lt_cv_ld_reload_flag=-r
lt_cv_nm_interface='BSD nm'
lt_cv_objdir=.libs
lt_cv_path_LD=/usr/bin/ld
lt_cv_path_NM='/usr/bin/nm -B'
lt_cv_path_mainfest_tool=no
lt_cv_prog_compiler_c_o=yes
lt_cv_prog_compiler_pic='-fPIC -DPIC'
lt_cv_prog_compiler_pic_works=yes
lt_cv_prog_compiler_rtti_exceptions=no
lt_cv_prog_compiler_static_works=yes
lt_cv_prog_gnu_ld=yes
lt_cv_sharedlib_from_linklib_cmd='printf %s\n'
lt_cv_shlibpath_overrides_runpath=no
lt_cv_sys_global_symbol_pipe='sed -n -e '\''s/^.*[	 ]\([ABCDGIRSTW][ABCDGIRSTW]*\)[	 ][	 ]*\([_A-Za-z][_A-Za-z0-9]*\)$/\1 \2 \2/p'\'' | sed '\''/ __gnu_lto/d'\'''
lt_cv_sys_global_symbol_to_c_name_address='sed -n -e '\''s/^: \(.*\) .*$/  {"\1", (void *) 0},/p'\'' -e '\''s/^[ABCDGIRSTW][ABCDGIRSTW]* .* \(.*\)$/  {"\1", (void *) \&\1},/p'\'''
lt_cv_sys_global_symbol_to_c_name_address_lib_prefix='sed -n -e '\''s/^: \(.*\) .*$/  {"\1", (void *) 0},/p'\'' -e '\''s/^[ABCDGIRSTW][ABCDGIRSTW]* .* \(lib.*\)$/  {"\1", (void *) \&\1},/p'\'' -e '\''s/^[ABCDGIRSTW][ABCDGIRSTW]* .* \(.*\)$/  {"lib\1", (void *) \&\1},/p'\'''
lt_cv_sys_global_symbol_to_cdecl='sed -n -e '\''s/^T .* \(.*\)$/extern int \1();/p'\'' -e '\''s/^[ABCDGIRSTW][ABCDGIRSTW]* .* \(.*\)$/extern char \1;/p'\'''
lt_cv_sys_global_symbol_to_import=
lt_cv_sys_max_cmd_len=1572864
lt_cv_to_host_file_cmd=func_convert_file_noop
lt_cv_to_tool_file_cmd=func_convert_file_noop
lt_cv_truncate_bin='/bin/dd bs=4096 count=1'
pkg_cv_CHECK_CFLAGS=-pthread
pkg_cv_CHECK_LIBS='-lcheck_pic -pthread -lrt -lm -lsubunit'

## ----------------- ##
## Output variables. ##
## ----------------- ##

ACLOCAL='aclocal-1.15'
AMDEPBACKSLASH='\'
AMDEP_FALSE='#'
AMDEP_TRUE=''
AMTAR='$${TAR-tar}'
AM_BACKSLASH='\'
AM_DEFAULT_V='$(AM_DEFAULT_VERBOSITY)'
AM_DEFAULT_VERBOSITY='1'
AM_V='$(V)'
AR='ar'
AUTOCONF='autoconf'
AUTOHEADER='autoheader'
AUTOMAKE='automake-1.15'
AWK='gawk'
CC='gcc'
CCDEPMODE='depmode=gcc3'
CFLAGS='-g -O2'
CHECK_CFLAGS='-pthread'
CHECK_LIBS='-lcheck_pic -pthread -lrt -lm -lsubunit'
CPP='gcc -E'
CPPFLAGS=''
CYGPATH_W='echo'
DEFS='-DHAVE_CONFIG_H'
DEPDIR='.deps'
DLLTOOL='false'
DSYMUTIL=''
DUMPBIN=''
ECHO_C=''
ECHO_N='-n'
ECHO_T=''
EGREP='/bin/grep -E'
EXEEXT=''
FGREP='/bin/grep -F'
GREP='/bin/grep'
INSTALL_DATA='${INSTALL} -m 644'
INSTALL_PROGRAM='${INSTALL}'
INSTALL_SCRIPT='${INSTALL}'
INSTALL_STRIP_PROGRAM='$(install_sh) -c -s'
LD='/usr/bin/ld -m elf_x86_64'
LDFLAGS=''
LIBOBJS=''
LIBS=''
LIBTOOL='$(SHELL) $(top_builddir)/libtool'
LIPO=''
LN_S='ln -s'
LTLIBOBJS=''
LT_SYS_LIBRARY_PATH=''
MAKEINFO='makeinfo'
MANIFEST_TOOL=':'
MKDIR_P='/bin/mkdir -p'
NM='/usr/bin/nm -B'
NMEDIT=''
OBJDUMP='objdump'
OBJEXT='o'
OTOOL64=''
OTOOL=''
PACKAGE='roman'
PACKAGE_BUGREPORT='check-devel AT lists.sourceforge.net'
PACKAGE_NAME='Roman'
PACKAGE_STRING='Roman 0.3'
PACKAGE_TARNAME='roman'
PACKAGE_URL=''
PACKAGE_VERSION='0.3'
PATH_SEPARATOR=':'
PKG_CONFIG='/usr/bin/pkg-config'
PKG_CONFIG_LIBDIR=''
PKG_CONFIG_PATH=''
RANLIB='ranlib'
SED='/bin/sed'
SET_MAKE=''
SHELL='/bin/bash'
STRIP='strip'
VERSION='0.3'
ac_ct_AR='ar'
ac_ct_CC='gcc'
ac_ct_DUMPBIN=''
am__EXEEXT_FALSE=''
am__EXEEXT_TRUE='#'
am__fastdepCC_FALSE='#'
am__fastdepCC_TRUE=''
am__include='include'
am__isrc=''
am__leading_dot='.'
am__nodep='_no'
am__quote=''
am__tar='$${TAR-tar} chof - "$$tardir"'
am__untar='$${TAR-tar} xf -'
bindir='${exec_prefix}/bin'
build='x86_64-pc-linux-gnu'
build_alias=''
build_cpu='x86_64'
build_os='linux-gnu'
build_vendor='pc'
datadir='${datarootdir}'
datarootdir='${prefix}/share'
docdir='${datarootdir}/doc/${PACKAGE_TARNAME}'
dvidir='${docdir}'
exec_prefix='${prefix}'
host='x86_64-pc-linux-gnu'
host_alias=''
host_cpu='x86_64'
host_os='linux-gnu'
host_vendor='pc'
htmldir='${docdir}'
includedir='${prefix}/include'
infodir='${datarootdir}/info'
install_sh='${SHELL} /home/jep/pillar/kata-roman-numeral-calculator/install-sh'
libdir='${exec_prefix}/lib'
libexecdir='${exec_prefix}/libexec'
localedir='${datarootdir}/locale'
localstatedir='${prefix}/var'
mandir='${datarootdir}/man'
mkdir_p='$(MKDIR_P)'
oldincludedir='/usr/include'
pdfdir='${docdir}'
prefix='/usr/local'
program_transform_name='s,x,x,'
psdir='${docdir}'
runstatedir='${localstatedir}/run'
sbindir='${exec_prefix}/sbin'
sharedstatedir='${prefix}/com'
sysconfdir='${prefix}/etc'
target_alias=''

## ----------- ##
## confdefs.h. ##
## ----------- ##

/* confdefs.h */
#define PACKAGE_NAME "Roman"
#define PACKAGE_TARNAME "roman"
#define PACKAGE_VERSION "0.3"
#define PACKAGE_STRING "Roman 0.3"
#define PACKAGE_BUGREPORT "check-devel AT lists.sourceforge.net"
#define PACKAGE_URL ""
#define PACKAGE "roman"
#define VERSION "0.3"
#define STDC_HEADERS 1
#define HAVE_SYS_TYPES_H 1
#define HAVE_SYS_STAT_H 1
#define HAVE_STDLIB_H 1
#define HAVE_STRING_H 1
#define HAVE_MEMORY_H 1
#define HAVE_STRINGS_H 1
#define HAVE_INTTYPES_H 1
#define HAVE_STDINT_H 1
#define HAVE_UNISTD_H 1
#define HAVE_DLFCN_H 1
#define LT_OBJDIR ".libs/"
#define STDC_HEADERS 1
#define HAVE_STDLIB_H 1
#define HAVE_STDLIB_H 1
#define HAVE_MALLOC 1

configure: exit 0
